<?xml version="1.0" encoding="UTF-8"?>
<testsuite xmlns:xsi="http://www.w3.org/2001/XMLSchema-instance" xsi:noNamespaceSchemaLocation="https://maven.apache.org/surefire/maven-surefire-plugin/xsd/surefire-test-report-3.0.xsd" version="3.0" name="com.karamatics.audit.audit_service.AuditServiceApplicationTests" time="0.988" tests="1" errors="0" skipped="0" failures="0">
  <properties>
    <property name="java.specification.version" value="21"/>
    <property name="sun.jnu.encoding" value="UTF-8"/>
    <property name="java.class.path" value="/Users/hammad.karamat/work/projects/kafka-playground/audit-service/target/test-classes:/Users/hammad.karamat/work/projects/kafka-playground/audit-service/target/classes:/Users/hammad.karamat/.m2/repository/org/springframework/boot/spring-boot-starter-web/3.5.1/spring-boot-starter-web-3.5.1.jar:/Users/hammad.karamat/.m2/repository/org/springframework/boot/spring-boot-starter/3.5.1/spring-boot-starter-3.5.1.jar:/Users/hammad.karamat/.m2/repository/org/springframework/boot/spring-boot/3.5.1/spring-boot-3.5.1.jar:/Users/hammad.karamat/.m2/repository/org/springframework/boot/spring-boot-autoconfigure/3.5.1/spring-boot-autoconfigure-3.5.1.jar:/Users/hammad.karamat/.m2/repository/org/springframework/boot/spring-boot-starter-logging/3.5.1/spring-boot-starter-logging-3.5.1.jar:/Users/hammad.karamat/.m2/repository/org/apache/logging/log4j/log4j-to-slf4j/2.24.3/log4j-to-slf4j-2.24.3.jar:/Users/hammad.karamat/.m2/repository/org/apache/logging/log4j/log4j-api/2.24.3/log4j-api-2.24.3.jar:/Users/hammad.karamat/.m2/repository/org/slf4j/jul-to-slf4j/2.0.17/jul-to-slf4j-2.0.17.jar:/Users/hammad.karamat/.m2/repository/jakarta/annotation/jakarta.annotation-api/2.1.1/jakarta.annotation-api-2.1.1.jar:/Users/hammad.karamat/.m2/repository/org/yaml/snakeyaml/2.4/snakeyaml-2.4.jar:/Users/hammad.karamat/.m2/repository/org/springframework/boot/spring-boot-starter-json/3.5.1/spring-boot-starter-json-3.5.1.jar:/Users/hammad.karamat/.m2/repository/com/fasterxml/jackson/core/jackson-databind/2.19.1/jackson-databind-2.19.1.jar:/Users/hammad.karamat/.m2/repository/com/fasterxml/jackson/core/jackson-annotations/2.19.1/jackson-annotations-2.19.1.jar:/Users/hammad.karamat/.m2/repository/com/fasterxml/jackson/core/jackson-core/2.19.1/jackson-core-2.19.1.jar:/Users/hammad.karamat/.m2/repository/com/fasterxml/jackson/datatype/jackson-datatype-jdk8/2.19.1/jackson-datatype-jdk8-2.19.1.jar:/Users/hammad.karamat/.m2/repository/com/fasterxml/jackson/datatype/jackson-datatype-jsr310/2.19.1/jackson-datatype-jsr310-2.19.1.jar:/Users/hammad.karamat/.m2/repository/com/fasterxml/jackson/module/jackson-module-parameter-names/2.19.1/jackson-module-parameter-names-2.19.1.jar:/Users/hammad.karamat/.m2/repository/org/springframework/boot/spring-boot-starter-tomcat/3.5.1/spring-boot-starter-tomcat-3.5.1.jar:/Users/hammad.karamat/.m2/repository/org/apache/tomcat/embed/tomcat-embed-core/10.1.42/tomcat-embed-core-10.1.42.jar:/Users/hammad.karamat/.m2/repository/org/apache/tomcat/embed/tomcat-embed-el/10.1.42/tomcat-embed-el-10.1.42.jar:/Users/hammad.karamat/.m2/repository/org/apache/tomcat/embed/tomcat-embed-websocket/10.1.42/tomcat-embed-websocket-10.1.42.jar:/Users/hammad.karamat/.m2/repository/org/springframework/spring-web/6.2.8/spring-web-6.2.8.jar:/Users/hammad.karamat/.m2/repository/org/springframework/spring-beans/6.2.8/spring-beans-6.2.8.jar:/Users/hammad.karamat/.m2/repository/org/springframework/spring-webmvc/6.2.8/spring-webmvc-6.2.8.jar:/Users/hammad.karamat/.m2/repository/org/springframework/spring-aop/6.2.8/spring-aop-6.2.8.jar:/Users/hammad.karamat/.m2/repository/org/springframework/spring-expression/6.2.8/spring-expression-6.2.8.jar:/Users/hammad.karamat/.m2/repository/org/springframework/kafka/spring-kafka/3.3.7/spring-kafka-3.3.7.jar:/Users/hammad.karamat/.m2/repository/org/springframework/spring-context/6.2.8/spring-context-6.2.8.jar:/Users/hammad.karamat/.m2/repository/org/springframework/spring-messaging/6.2.8/spring-messaging-6.2.8.jar:/Users/hammad.karamat/.m2/repository/org/springframework/spring-tx/6.2.8/spring-tx-6.2.8.jar:/Users/hammad.karamat/.m2/repository/org/springframework/retry/spring-retry/2.0.12/spring-retry-2.0.12.jar:/Users/hammad.karamat/.m2/repository/org/apache/kafka/kafka-clients/3.9.1/kafka-clients-3.9.1.jar:/Users/hammad.karamat/.m2/repository/com/github/luben/zstd-jni/1.5.6-4/zstd-jni-1.5.6-4.jar:/Users/hammad.karamat/.m2/repository/org/lz4/lz4-java/1.8.0/lz4-java-1.8.0.jar:/Users/hammad.karamat/.m2/repository/org/xerial/snappy/snappy-java/1.1.10.5/snappy-java-1.1.10.5.jar:/Users/hammad.karamat/.m2/repository/org/slf4j/slf4j-api/2.0.17/slf4j-api-2.0.17.jar:/Users/hammad.karamat/.m2/repository/io/micrometer/micrometer-observation/1.15.1/micrometer-observation-1.15.1.jar:/Users/hammad.karamat/.m2/repository/io/micrometer/micrometer-commons/1.15.1/micrometer-commons-1.15.1.jar:/Users/hammad.karamat/.m2/repository/org/projectlombok/lombok/1.18.32/lombok-1.18.32.jar:/Users/hammad.karamat/.m2/repository/org/springframework/boot/spring-boot-starter-test/3.5.1/spring-boot-starter-test-3.5.1.jar:/Users/hammad.karamat/.m2/repository/org/springframework/boot/spring-boot-test/3.5.1/spring-boot-test-3.5.1.jar:/Users/hammad.karamat/.m2/repository/org/springframework/boot/spring-boot-test-autoconfigure/3.5.1/spring-boot-test-autoconfigure-3.5.1.jar:/Users/hammad.karamat/.m2/repository/com/jayway/jsonpath/json-path/2.9.0/json-path-2.9.0.jar:/Users/hammad.karamat/.m2/repository/jakarta/xml/bind/jakarta.xml.bind-api/4.0.2/jakarta.xml.bind-api-4.0.2.jar:/Users/hammad.karamat/.m2/repository/jakarta/activation/jakarta.activation-api/2.1.3/jakarta.activation-api-2.1.3.jar:/Users/hammad.karamat/.m2/repository/net/minidev/json-smart/2.5.2/json-smart-2.5.2.jar:/Users/hammad.karamat/.m2/repository/net/minidev/accessors-smart/2.5.2/accessors-smart-2.5.2.jar:/Users/hammad.karamat/.m2/repository/org/ow2/asm/asm/9.7.1/asm-9.7.1.jar:/Users/hammad.karamat/.m2/repository/org/assertj/assertj-core/3.27.3/assertj-core-3.27.3.jar:/Users/hammad.karamat/.m2/repository/net/bytebuddy/byte-buddy/1.17.6/byte-buddy-1.17.6.jar:/Users/hammad.karamat/.m2/repository/org/awaitility/awaitility/4.2.2/awaitility-4.2.2.jar:/Users/hammad.karamat/.m2/repository/org/hamcrest/hamcrest/3.0/hamcrest-3.0.jar:/Users/hammad.karamat/.m2/repository/org/junit/jupiter/junit-jupiter/5.12.2/junit-jupiter-5.12.2.jar:/Users/hammad.karamat/.m2/repository/org/junit/jupiter/junit-jupiter-params/5.12.2/junit-jupiter-params-5.12.2.jar:/Users/hammad.karamat/.m2/repository/org/junit/jupiter/junit-jupiter-engine/5.12.2/junit-jupiter-engine-5.12.2.jar:/Users/hammad.karamat/.m2/repository/org/mockito/mockito-core/5.17.0/mockito-core-5.17.0.jar:/Users/hammad.karamat/.m2/repository/net/bytebuddy/byte-buddy-agent/1.17.6/byte-buddy-agent-1.17.6.jar:/Users/hammad.karamat/.m2/repository/org/objenesis/objenesis/3.3/objenesis-3.3.jar:/Users/hammad.karamat/.m2/repository/org/mockito/mockito-junit-jupiter/5.17.0/mockito-junit-jupiter-5.17.0.jar:/Users/hammad.karamat/.m2/repository/org/skyscreamer/jsonassert/1.5.3/jsonassert-1.5.3.jar:/Users/hammad.karamat/.m2/repository/com/vaadin/external/google/android-json/0.0.20131108.vaadin1/android-json-0.0.20131108.vaadin1.jar:/Users/hammad.karamat/.m2/repository/org/springframework/spring-core/6.2.8/spring-core-6.2.8.jar:/Users/hammad.karamat/.m2/repository/org/springframework/spring-jcl/6.2.8/spring-jcl-6.2.8.jar:/Users/hammad.karamat/.m2/repository/org/springframework/spring-test/6.2.8/spring-test-6.2.8.jar:/Users/hammad.karamat/.m2/repository/org/xmlunit/xmlunit-core/2.10.2/xmlunit-core-2.10.2.jar:/Users/hammad.karamat/.m2/repository/org/springframework/kafka/spring-kafka-test/3.3.7/spring-kafka-test-3.3.7.jar:/Users/hammad.karamat/.m2/repository/org/apache/zookeeper/zookeeper/3.8.4/zookeeper-3.8.4.jar:/Users/hammad.karamat/.m2/repository/org/apache/zookeeper/zookeeper-jute/3.8.4/zookeeper-jute-3.8.4.jar:/Users/hammad.karamat/.m2/repository/org/apache/yetus/audience-annotations/0.12.0/audience-annotations-0.12.0.jar:/Users/hammad.karamat/.m2/repository/io/netty/netty-handler/4.1.122.Final/netty-handler-4.1.122.Final.jar:/Users/hammad.karamat/.m2/repository/io/netty/netty-common/4.1.122.Final/netty-common-4.1.122.Final.jar:/Users/hammad.karamat/.m2/repository/io/netty/netty-resolver/4.1.122.Final/netty-resolver-4.1.122.Final.jar:/Users/hammad.karamat/.m2/repository/io/netty/netty-buffer/4.1.122.Final/netty-buffer-4.1.122.Final.jar:/Users/hammad.karamat/.m2/repository/io/netty/netty-transport/4.1.122.Final/netty-transport-4.1.122.Final.jar:/Users/hammad.karamat/.m2/repository/io/netty/netty-transport-native-unix-common/4.1.122.Final/netty-transport-native-unix-common-4.1.122.Final.jar:/Users/hammad.karamat/.m2/repository/io/netty/netty-codec/4.1.122.Final/netty-codec-4.1.122.Final.jar:/Users/hammad.karamat/.m2/repository/io/netty/netty-transport-native-epoll/4.1.122.Final/netty-transport-native-epoll-4.1.122.Final.jar:/Users/hammad.karamat/.m2/repository/io/netty/netty-transport-classes-epoll/4.1.122.Final/netty-transport-classes-epoll-4.1.122.Final.jar:/Users/hammad.karamat/.m2/repository/ch/qos/logback/logback-core/1.5.18/logback-core-1.5.18.jar:/Users/hammad.karamat/.m2/repository/ch/qos/logback/logback-classic/1.5.18/logback-classic-1.5.18.jar:/Users/hammad.karamat/.m2/repository/commons-io/commons-io/2.11.0/commons-io-2.11.0.jar:/Users/hammad.karamat/.m2/repository/org/apache/kafka/kafka-clients/3.9.1/kafka-clients-3.9.1-test.jar:/Users/hammad.karamat/.m2/repository/org/apache/kafka/kafka-server/3.9.1/kafka-server-3.9.1.jar:/Users/hammad.karamat/.m2/repository/org/apache/kafka/kafka-storage/3.9.1/kafka-storage-3.9.1.jar:/Users/hammad.karamat/.m2/repository/com/github/ben-manes/caffeine/caffeine/3.2.1/caffeine-3.2.1.jar:/Users/hammad.karamat/.m2/repository/org/jspecify/jspecify/1.0.0/jspecify-1.0.0.jar:/Users/hammad.karamat/.m2/repository/com/google/errorprone/error_prone_annotations/2.38.0/error_prone_annotations-2.38.0.jar:/Users/hammad.karamat/.m2/repository/org/apache/kafka/kafka-group-coordinator/3.9.1/kafka-group-coordinator-3.9.1.jar:/Users/hammad.karamat/.m2/repository/org/apache/kafka/kafka-transaction-coordinator/3.9.1/kafka-transaction-coordinator-3.9.1.jar:/Users/hammad.karamat/.m2/repository/org/apache/kafka/kafka-raft/3.9.1/kafka-raft-3.9.1.jar:/Users/hammad.karamat/.m2/repository/com/yammer/metrics/metrics-core/2.2.0/metrics-core-2.2.0.jar:/Users/hammad.karamat/.m2/repository/org/apache/kafka/kafka-metadata/3.9.1/kafka-metadata-3.9.1.jar:/Users/hammad.karamat/.m2/repository/org/apache/kafka/kafka-server-common/3.9.1/kafka-server-common-3.9.1.jar:/Users/hammad.karamat/.m2/repository/net/sf/jopt-simple/jopt-simple/5.0.4/jopt-simple-5.0.4.jar:/Users/hammad.karamat/.m2/repository/org/pcollections/pcollections/4.0.1/pcollections-4.0.1.jar:/Users/hammad.karamat/.m2/repository/org/apache/kafka/kafka-server-common/3.9.1/kafka-server-common-3.9.1-test.jar:/Users/hammad.karamat/.m2/repository/org/apache/kafka/kafka-streams-test-utils/3.9.1/kafka-streams-test-utils-3.9.1.jar:/Users/hammad.karamat/.m2/repository/org/apache/kafka/kafka-streams/3.9.1/kafka-streams-3.9.1.jar:/Users/hammad.karamat/.m2/repository/org/rocksdb/rocksdbjni/7.9.2/rocksdbjni-7.9.2.jar:/Users/hammad.karamat/.m2/repository/org/apache/kafka/kafka_2.13/3.9.1/kafka_2.13-3.9.1.jar:/Users/hammad.karamat/.m2/repository/org/scala-lang/scala-library/2.13.15/scala-library-2.13.15.jar:/Users/hammad.karamat/.m2/repository/org/apache/kafka/kafka-group-coordinator-api/3.9.1/kafka-group-coordinator-api-3.9.1.jar:/Users/hammad.karamat/.m2/repository/org/apache/kafka/kafka-storage-api/3.9.1/kafka-storage-api-3.9.1.jar:/Users/hammad.karamat/.m2/repository/org/apache/kafka/kafka-tools-api/3.9.1/kafka-tools-api-3.9.1.jar:/Users/hammad.karamat/.m2/repository/net/sourceforge/argparse4j/argparse4j/0.7.0/argparse4j-0.7.0.jar:/Users/hammad.karamat/.m2/repository/commons-validator/commons-validator/1.7/commons-validator-1.7.jar:/Users/hammad.karamat/.m2/repository/commons-beanutils/commons-beanutils/1.9.4/commons-beanutils-1.9.4.jar:/Users/hammad.karamat/.m2/repository/commons-digester/commons-digester/2.1/commons-digester-2.1.jar:/Users/hammad.karamat/.m2/repository/commons-collections/commons-collections/3.2.2/commons-collections-3.2.2.jar:/Users/hammad.karamat/.m2/repository/com/fasterxml/jackson/module/jackson-module-scala_2.13/2.19.1/jackson-module-scala_2.13-2.19.1.jar:/Users/hammad.karamat/.m2/repository/com/thoughtworks/paranamer/paranamer/2.8.3/paranamer-2.8.3.jar:/Users/hammad.karamat/.m2/repository/com/fasterxml/jackson/dataformat/jackson-dataformat-csv/2.19.1/jackson-dataformat-csv-2.19.1.jar:/Users/hammad.karamat/.m2/repository/org/bitbucket/b_c/jose4j/0.9.4/jose4j-0.9.4.jar:/Users/hammad.karamat/.m2/repository/org/scala-lang/modules/scala-collection-compat_2.13/2.10.0/scala-collection-compat_2.13-2.10.0.jar:/Users/hammad.karamat/.m2/repository/org/scala-lang/modules/scala-java8-compat_2.13/1.0.2/scala-java8-compat_2.13-1.0.2.jar:/Users/hammad.karamat/.m2/repository/org/scala-lang/scala-reflect/2.13.15/scala-reflect-2.13.15.jar:/Users/hammad.karamat/.m2/repository/com/typesafe/scala-logging/scala-logging_2.13/3.9.5/scala-logging_2.13-3.9.5.jar:/Users/hammad.karamat/.m2/repository/io/dropwizard/metrics/metrics-core/4.1.12.1/metrics-core-4.1.12.1.jar:/Users/hammad.karamat/.m2/repository/commons-cli/commons-cli/1.4/commons-cli-1.4.jar:/Users/hammad.karamat/.m2/repository/org/apache/kafka/kafka_2.13/3.9.1/kafka_2.13-3.9.1-test.jar:/Users/hammad.karamat/.m2/repository/org/junit/jupiter/junit-jupiter-api/5.12.2/junit-jupiter-api-5.12.2.jar:/Users/hammad.karamat/.m2/repository/org/opentest4j/opentest4j/1.3.0/opentest4j-1.3.0.jar:/Users/hammad.karamat/.m2/repository/org/junit/platform/junit-platform-commons/1.12.2/junit-platform-commons-1.12.2.jar:/Users/hammad.karamat/.m2/repository/org/apiguardian/apiguardian-api/1.1.2/apiguardian-api-1.1.2.jar:/Users/hammad.karamat/.m2/repository/org/junit/platform/junit-platform-launcher/1.12.2/junit-platform-launcher-1.12.2.jar:/Users/hammad.karamat/.m2/repository/org/junit/platform/junit-platform-engine/1.12.2/junit-platform-engine-1.12.2.jar:"/>
    <property name="java.vm.vendor" value="Oracle Corporation"/>
    <property name="sun.arch.data.model" value="64"/>
    <property name="java.vendor.url" value="https://java.oracle.com/"/>
    <property name="user.timezone" value="Asia/Karachi"/>
    <property name="os.name" value="Mac OS X"/>
    <property name="java.vm.specification.version" value="21"/>
    <property name="APPLICATION_NAME" value="audit-service"/>
    <property name="sun.java.launcher" value="SUN_STANDARD"/>
    <property name="user.country" value="US"/>
    <property name="sun.boot.library.path" value="/Users/hammad.karamat/work/JDK/jdk-21.jdk/Contents/Home/lib"/>
    <property name="sun.java.command" value="/Users/hammad.karamat/work/projects/kafka-playground/audit-service/target/surefire/surefirebooter-20250805170434690_8.jar /Users/hammad.karamat/work/projects/kafka-playground/audit-service/target/surefire 2025-08-05T17-03-47_504-jvmRun1 surefire-20250805170434690_6tmp surefire_1-20250805170434690_7tmp"/>
    <property name="jdk.debug" value="release"/>
    <property name="surefire.test.class.path" value="/Users/hammad.karamat/work/projects/kafka-playground/audit-service/target/test-classes:/Users/hammad.karamat/work/projects/kafka-playground/audit-service/target/classes:/Users/hammad.karamat/.m2/repository/org/springframework/boot/spring-boot-starter-web/3.5.1/spring-boot-starter-web-3.5.1.jar:/Users/hammad.karamat/.m2/repository/org/springframework/boot/spring-boot-starter/3.5.1/spring-boot-starter-3.5.1.jar:/Users/hammad.karamat/.m2/repository/org/springframework/boot/spring-boot/3.5.1/spring-boot-3.5.1.jar:/Users/hammad.karamat/.m2/repository/org/springframework/boot/spring-boot-autoconfigure/3.5.1/spring-boot-autoconfigure-3.5.1.jar:/Users/hammad.karamat/.m2/repository/org/springframework/boot/spring-boot-starter-logging/3.5.1/spring-boot-starter-logging-3.5.1.jar:/Users/hammad.karamat/.m2/repository/org/apache/logging/log4j/log4j-to-slf4j/2.24.3/log4j-to-slf4j-2.24.3.jar:/Users/hammad.karamat/.m2/repository/org/apache/logging/log4j/log4j-api/2.24.3/log4j-api-2.24.3.jar:/Users/hammad.karamat/.m2/repository/org/slf4j/jul-to-slf4j/2.0.17/jul-to-slf4j-2.0.17.jar:/Users/hammad.karamat/.m2/repository/jakarta/annotation/jakarta.annotation-api/2.1.1/jakarta.annotation-api-2.1.1.jar:/Users/hammad.karamat/.m2/repository/org/yaml/snakeyaml/2.4/snakeyaml-2.4.jar:/Users/hammad.karamat/.m2/repository/org/springframework/boot/spring-boot-starter-json/3.5.1/spring-boot-starter-json-3.5.1.jar:/Users/hammad.karamat/.m2/repository/com/fasterxml/jackson/core/jackson-databind/2.19.1/jackson-databind-2.19.1.jar:/Users/hammad.karamat/.m2/repository/com/fasterxml/jackson/core/jackson-annotations/2.19.1/jackson-annotations-2.19.1.jar:/Users/hammad.karamat/.m2/repository/com/fasterxml/jackson/core/jackson-core/2.19.1/jackson-core-2.19.1.jar:/Users/hammad.karamat/.m2/repository/com/fasterxml/jackson/datatype/jackson-datatype-jdk8/2.19.1/jackson-datatype-jdk8-2.19.1.jar:/Users/hammad.karamat/.m2/repository/com/fasterxml/jackson/datatype/jackson-datatype-jsr310/2.19.1/jackson-datatype-jsr310-2.19.1.jar:/Users/hammad.karamat/.m2/repository/com/fasterxml/jackson/module/jackson-module-parameter-names/2.19.1/jackson-module-parameter-names-2.19.1.jar:/Users/hammad.karamat/.m2/repository/org/springframework/boot/spring-boot-starter-tomcat/3.5.1/spring-boot-starter-tomcat-3.5.1.jar:/Users/hammad.karamat/.m2/repository/org/apache/tomcat/embed/tomcat-embed-core/10.1.42/tomcat-embed-core-10.1.42.jar:/Users/hammad.karamat/.m2/repository/org/apache/tomcat/embed/tomcat-embed-el/10.1.42/tomcat-embed-el-10.1.42.jar:/Users/hammad.karamat/.m2/repository/org/apache/tomcat/embed/tomcat-embed-websocket/10.1.42/tomcat-embed-websocket-10.1.42.jar:/Users/hammad.karamat/.m2/repository/org/springframework/spring-web/6.2.8/spring-web-6.2.8.jar:/Users/hammad.karamat/.m2/repository/org/springframework/spring-beans/6.2.8/spring-beans-6.2.8.jar:/Users/hammad.karamat/.m2/repository/org/springframework/spring-webmvc/6.2.8/spring-webmvc-6.2.8.jar:/Users/hammad.karamat/.m2/repository/org/springframework/spring-aop/6.2.8/spring-aop-6.2.8.jar:/Users/hammad.karamat/.m2/repository/org/springframework/spring-expression/6.2.8/spring-expression-6.2.8.jar:/Users/hammad.karamat/.m2/repository/org/springframework/kafka/spring-kafka/3.3.7/spring-kafka-3.3.7.jar:/Users/hammad.karamat/.m2/repository/org/springframework/spring-context/6.2.8/spring-context-6.2.8.jar:/Users/hammad.karamat/.m2/repository/org/springframework/spring-messaging/6.2.8/spring-messaging-6.2.8.jar:/Users/hammad.karamat/.m2/repository/org/springframework/spring-tx/6.2.8/spring-tx-6.2.8.jar:/Users/hammad.karamat/.m2/repository/org/springframework/retry/spring-retry/2.0.12/spring-retry-2.0.12.jar:/Users/hammad.karamat/.m2/repository/org/apache/kafka/kafka-clients/3.9.1/kafka-clients-3.9.1.jar:/Users/hammad.karamat/.m2/repository/com/github/luben/zstd-jni/1.5.6-4/zstd-jni-1.5.6-4.jar:/Users/hammad.karamat/.m2/repository/org/lz4/lz4-java/1.8.0/lz4-java-1.8.0.jar:/Users/hammad.karamat/.m2/repository/org/xerial/snappy/snappy-java/1.1.10.5/snappy-java-1.1.10.5.jar:/Users/hammad.karamat/.m2/repository/org/slf4j/slf4j-api/2.0.17/slf4j-api-2.0.17.jar:/Users/hammad.karamat/.m2/repository/io/micrometer/micrometer-observation/1.15.1/micrometer-observation-1.15.1.jar:/Users/hammad.karamat/.m2/repository/io/micrometer/micrometer-commons/1.15.1/micrometer-commons-1.15.1.jar:/Users/hammad.karamat/.m2/repository/org/projectlombok/lombok/1.18.32/lombok-1.18.32.jar:/Users/hammad.karamat/.m2/repository/org/springframework/boot/spring-boot-starter-test/3.5.1/spring-boot-starter-test-3.5.1.jar:/Users/hammad.karamat/.m2/repository/org/springframework/boot/spring-boot-test/3.5.1/spring-boot-test-3.5.1.jar:/Users/hammad.karamat/.m2/repository/org/springframework/boot/spring-boot-test-autoconfigure/3.5.1/spring-boot-test-autoconfigure-3.5.1.jar:/Users/hammad.karamat/.m2/repository/com/jayway/jsonpath/json-path/2.9.0/json-path-2.9.0.jar:/Users/hammad.karamat/.m2/repository/jakarta/xml/bind/jakarta.xml.bind-api/4.0.2/jakarta.xml.bind-api-4.0.2.jar:/Users/hammad.karamat/.m2/repository/jakarta/activation/jakarta.activation-api/2.1.3/jakarta.activation-api-2.1.3.jar:/Users/hammad.karamat/.m2/repository/net/minidev/json-smart/2.5.2/json-smart-2.5.2.jar:/Users/hammad.karamat/.m2/repository/net/minidev/accessors-smart/2.5.2/accessors-smart-2.5.2.jar:/Users/hammad.karamat/.m2/repository/org/ow2/asm/asm/9.7.1/asm-9.7.1.jar:/Users/hammad.karamat/.m2/repository/org/assertj/assertj-core/3.27.3/assertj-core-3.27.3.jar:/Users/hammad.karamat/.m2/repository/net/bytebuddy/byte-buddy/1.17.6/byte-buddy-1.17.6.jar:/Users/hammad.karamat/.m2/repository/org/awaitility/awaitility/4.2.2/awaitility-4.2.2.jar:/Users/hammad.karamat/.m2/repository/org/hamcrest/hamcrest/3.0/hamcrest-3.0.jar:/Users/hammad.karamat/.m2/repository/org/junit/jupiter/junit-jupiter/5.12.2/junit-jupiter-5.12.2.jar:/Users/hammad.karamat/.m2/repository/org/junit/jupiter/junit-jupiter-params/5.12.2/junit-jupiter-params-5.12.2.jar:/Users/hammad.karamat/.m2/repository/org/junit/jupiter/junit-jupiter-engine/5.12.2/junit-jupiter-engine-5.12.2.jar:/Users/hammad.karamat/.m2/repository/org/mockito/mockito-core/5.17.0/mockito-core-5.17.0.jar:/Users/hammad.karamat/.m2/repository/net/bytebuddy/byte-buddy-agent/1.17.6/byte-buddy-agent-1.17.6.jar:/Users/hammad.karamat/.m2/repository/org/objenesis/objenesis/3.3/objenesis-3.3.jar:/Users/hammad.karamat/.m2/repository/org/mockito/mockito-junit-jupiter/5.17.0/mockito-junit-jupiter-5.17.0.jar:/Users/hammad.karamat/.m2/repository/org/skyscreamer/jsonassert/1.5.3/jsonassert-1.5.3.jar:/Users/hammad.karamat/.m2/repository/com/vaadin/external/google/android-json/0.0.20131108.vaadin1/android-json-0.0.20131108.vaadin1.jar:/Users/hammad.karamat/.m2/repository/org/springframework/spring-core/6.2.8/spring-core-6.2.8.jar:/Users/hammad.karamat/.m2/repository/org/springframework/spring-jcl/6.2.8/spring-jcl-6.2.8.jar:/Users/hammad.karamat/.m2/repository/org/springframework/spring-test/6.2.8/spring-test-6.2.8.jar:/Users/hammad.karamat/.m2/repository/org/xmlunit/xmlunit-core/2.10.2/xmlunit-core-2.10.2.jar:/Users/hammad.karamat/.m2/repository/org/springframework/kafka/spring-kafka-test/3.3.7/spring-kafka-test-3.3.7.jar:/Users/hammad.karamat/.m2/repository/org/apache/zookeeper/zookeeper/3.8.4/zookeeper-3.8.4.jar:/Users/hammad.karamat/.m2/repository/org/apache/zookeeper/zookeeper-jute/3.8.4/zookeeper-jute-3.8.4.jar:/Users/hammad.karamat/.m2/repository/org/apache/yetus/audience-annotations/0.12.0/audience-annotations-0.12.0.jar:/Users/hammad.karamat/.m2/repository/io/netty/netty-handler/4.1.122.Final/netty-handler-4.1.122.Final.jar:/Users/hammad.karamat/.m2/repository/io/netty/netty-common/4.1.122.Final/netty-common-4.1.122.Final.jar:/Users/hammad.karamat/.m2/repository/io/netty/netty-resolver/4.1.122.Final/netty-resolver-4.1.122.Final.jar:/Users/hammad.karamat/.m2/repository/io/netty/netty-buffer/4.1.122.Final/netty-buffer-4.1.122.Final.jar:/Users/hammad.karamat/.m2/repository/io/netty/netty-transport/4.1.122.Final/netty-transport-4.1.122.Final.jar:/Users/hammad.karamat/.m2/repository/io/netty/netty-transport-native-unix-common/4.1.122.Final/netty-transport-native-unix-common-4.1.122.Final.jar:/Users/hammad.karamat/.m2/repository/io/netty/netty-codec/4.1.122.Final/netty-codec-4.1.122.Final.jar:/Users/hammad.karamat/.m2/repository/io/netty/netty-transport-native-epoll/4.1.122.Final/netty-transport-native-epoll-4.1.122.Final.jar:/Users/hammad.karamat/.m2/repository/io/netty/netty-transport-classes-epoll/4.1.122.Final/netty-transport-classes-epoll-4.1.122.Final.jar:/Users/hammad.karamat/.m2/repository/ch/qos/logback/logback-core/1.5.18/logback-core-1.5.18.jar:/Users/hammad.karamat/.m2/repository/ch/qos/logback/logback-classic/1.5.18/logback-classic-1.5.18.jar:/Users/hammad.karamat/.m2/repository/commons-io/commons-io/2.11.0/commons-io-2.11.0.jar:/Users/hammad.karamat/.m2/repository/org/apache/kafka/kafka-clients/3.9.1/kafka-clients-3.9.1-test.jar:/Users/hammad.karamat/.m2/repository/org/apache/kafka/kafka-server/3.9.1/kafka-server-3.9.1.jar:/Users/hammad.karamat/.m2/repository/org/apache/kafka/kafka-storage/3.9.1/kafka-storage-3.9.1.jar:/Users/hammad.karamat/.m2/repository/com/github/ben-manes/caffeine/caffeine/3.2.1/caffeine-3.2.1.jar:/Users/hammad.karamat/.m2/repository/org/jspecify/jspecify/1.0.0/jspecify-1.0.0.jar:/Users/hammad.karamat/.m2/repository/com/google/errorprone/error_prone_annotations/2.38.0/error_prone_annotations-2.38.0.jar:/Users/hammad.karamat/.m2/repository/org/apache/kafka/kafka-group-coordinator/3.9.1/kafka-group-coordinator-3.9.1.jar:/Users/hammad.karamat/.m2/repository/org/apache/kafka/kafka-transaction-coordinator/3.9.1/kafka-transaction-coordinator-3.9.1.jar:/Users/hammad.karamat/.m2/repository/org/apache/kafka/kafka-raft/3.9.1/kafka-raft-3.9.1.jar:/Users/hammad.karamat/.m2/repository/com/yammer/metrics/metrics-core/2.2.0/metrics-core-2.2.0.jar:/Users/hammad.karamat/.m2/repository/org/apache/kafka/kafka-metadata/3.9.1/kafka-metadata-3.9.1.jar:/Users/hammad.karamat/.m2/repository/org/apache/kafka/kafka-server-common/3.9.1/kafka-server-common-3.9.1.jar:/Users/hammad.karamat/.m2/repository/net/sf/jopt-simple/jopt-simple/5.0.4/jopt-simple-5.0.4.jar:/Users/hammad.karamat/.m2/repository/org/pcollections/pcollections/4.0.1/pcollections-4.0.1.jar:/Users/hammad.karamat/.m2/repository/org/apache/kafka/kafka-server-common/3.9.1/kafka-server-common-3.9.1-test.jar:/Users/hammad.karamat/.m2/repository/org/apache/kafka/kafka-streams-test-utils/3.9.1/kafka-streams-test-utils-3.9.1.jar:/Users/hammad.karamat/.m2/repository/org/apache/kafka/kafka-streams/3.9.1/kafka-streams-3.9.1.jar:/Users/hammad.karamat/.m2/repository/org/rocksdb/rocksdbjni/7.9.2/rocksdbjni-7.9.2.jar:/Users/hammad.karamat/.m2/repository/org/apache/kafka/kafka_2.13/3.9.1/kafka_2.13-3.9.1.jar:/Users/hammad.karamat/.m2/repository/org/scala-lang/scala-library/2.13.15/scala-library-2.13.15.jar:/Users/hammad.karamat/.m2/repository/org/apache/kafka/kafka-group-coordinator-api/3.9.1/kafka-group-coordinator-api-3.9.1.jar:/Users/hammad.karamat/.m2/repository/org/apache/kafka/kafka-storage-api/3.9.1/kafka-storage-api-3.9.1.jar:/Users/hammad.karamat/.m2/repository/org/apache/kafka/kafka-tools-api/3.9.1/kafka-tools-api-3.9.1.jar:/Users/hammad.karamat/.m2/repository/net/sourceforge/argparse4j/argparse4j/0.7.0/argparse4j-0.7.0.jar:/Users/hammad.karamat/.m2/repository/commons-validator/commons-validator/1.7/commons-validator-1.7.jar:/Users/hammad.karamat/.m2/repository/commons-beanutils/commons-beanutils/1.9.4/commons-beanutils-1.9.4.jar:/Users/hammad.karamat/.m2/repository/commons-digester/commons-digester/2.1/commons-digester-2.1.jar:/Users/hammad.karamat/.m2/repository/commons-collections/commons-collections/3.2.2/commons-collections-3.2.2.jar:/Users/hammad.karamat/.m2/repository/com/fasterxml/jackson/module/jackson-module-scala_2.13/2.19.1/jackson-module-scala_2.13-2.19.1.jar:/Users/hammad.karamat/.m2/repository/com/thoughtworks/paranamer/paranamer/2.8.3/paranamer-2.8.3.jar:/Users/hammad.karamat/.m2/repository/com/fasterxml/jackson/dataformat/jackson-dataformat-csv/2.19.1/jackson-dataformat-csv-2.19.1.jar:/Users/hammad.karamat/.m2/repository/org/bitbucket/b_c/jose4j/0.9.4/jose4j-0.9.4.jar:/Users/hammad.karamat/.m2/repository/org/scala-lang/modules/scala-collection-compat_2.13/2.10.0/scala-collection-compat_2.13-2.10.0.jar:/Users/hammad.karamat/.m2/repository/org/scala-lang/modules/scala-java8-compat_2.13/1.0.2/scala-java8-compat_2.13-1.0.2.jar:/Users/hammad.karamat/.m2/repository/org/scala-lang/scala-reflect/2.13.15/scala-reflect-2.13.15.jar:/Users/hammad.karamat/.m2/repository/com/typesafe/scala-logging/scala-logging_2.13/3.9.5/scala-logging_2.13-3.9.5.jar:/Users/hammad.karamat/.m2/repository/io/dropwizard/metrics/metrics-core/4.1.12.1/metrics-core-4.1.12.1.jar:/Users/hammad.karamat/.m2/repository/commons-cli/commons-cli/1.4/commons-cli-1.4.jar:/Users/hammad.karamat/.m2/repository/org/apache/kafka/kafka_2.13/3.9.1/kafka_2.13-3.9.1-test.jar:/Users/hammad.karamat/.m2/repository/org/junit/jupiter/junit-jupiter-api/5.12.2/junit-jupiter-api-5.12.2.jar:/Users/hammad.karamat/.m2/repository/org/opentest4j/opentest4j/1.3.0/opentest4j-1.3.0.jar:/Users/hammad.karamat/.m2/repository/org/junit/platform/junit-platform-commons/1.12.2/junit-platform-commons-1.12.2.jar:/Users/hammad.karamat/.m2/repository/org/apiguardian/apiguardian-api/1.1.2/apiguardian-api-1.1.2.jar:/Users/hammad.karamat/.m2/repository/org/junit/platform/junit-platform-launcher/1.12.2/junit-platform-launcher-1.12.2.jar:/Users/hammad.karamat/.m2/repository/org/junit/platform/junit-platform-engine/1.12.2/junit-platform-engine-1.12.2.jar:"/>
    <property name="sun.cpu.endian" value="little"/>
    <property name="user.home" value="/Users/hammad.karamat"/>
    <property name="user.language" value="en"/>
    <property name="java.specification.vendor" value="Oracle Corporation"/>
    <property name="java.version.date" value="2025-04-15"/>
    <property name="java.home" value="/Users/hammad.karamat/work/JDK/jdk-21.jdk/Contents/Home"/>
    <property name="file.separator" value="/"/>
    <property name="basedir" value="/Users/hammad.karamat/work/projects/kafka-playground/audit-service"/>
    <property name="java.vm.compressedOopsMode" value="Zero based"/>
    <property name="line.separator" value="&#10;"/>
    <property name="java.vm.specification.vendor" value="Oracle Corporation"/>
    <property name="java.specification.name" value="Java Platform API Specification"/>
    <property name="FILE_LOG_CHARSET" value="UTF-8"/>
    <property name="java.awt.headless" value="true"/>
    <property name="apple.awt.application.name" value="ForkedBooter"/>
    <property name="surefire.real.class.path" value="/Users/hammad.karamat/work/projects/kafka-playground/audit-service/target/surefire/surefirebooter-20250805170434690_8.jar"/>
    <property name="sun.management.compiler" value="HotSpot 64-Bit Tiered Compilers"/>
    <property name="java.runtime.version" value="21.0.7+8-LTS-245"/>
    <property name="user.name" value="hammad.karamat"/>
    <property name="stdout.encoding" value="UTF-8"/>
    <property name="path.separator" value=":"/>
    <property name="os.version" value="15.5"/>
    <property name="java.runtime.name" value="Java(TM) SE Runtime Environment"/>
    <property name="file.encoding" value="UTF-8"/>
    <property name="java.vm.name" value="Java HotSpot(TM) 64-Bit Server VM"/>
    <property name="localRepository" value="/Users/hammad.karamat/.m2/repository"/>
    <property name="java.vendor.url.bug" value="https://bugreport.java.com/bugreport/"/>
    <property name="java.io.tmpdir" value="/var/folders/yg/52hkc8p155bdrlr4rk9r4qvm0000gp/T/"/>
    <property name="java.version" value="21.0.7"/>
    <property name="user.dir" value="/Users/hammad.karamat/work/projects/kafka-playground/audit-service"/>
    <property name="os.arch" value="aarch64"/>
    <property name="java.vm.specification.name" value="Java Virtual Machine Specification"/>
    <property name="PID" value="7276"/>
    <property name="CONSOLE_LOG_CHARSET" value="UTF-8"/>
    <property name="native.encoding" value="UTF-8"/>
    <property name="java.library.path" value="/Users/hammad.karamat/Library/Java/Extensions:/Library/Java/Extensions:/Network/Library/Java/Extensions:/System/Library/Java/Extensions:/usr/lib/java:."/>
    <property name="java.vm.info" value="mixed mode, sharing"/>
    <property name="stderr.encoding" value="UTF-8"/>
    <property name="java.vendor" value="Oracle Corporation"/>
    <property name="java.vm.version" value="21.0.7+8-LTS-245"/>
    <property name="sun.io.unicode.encoding" value="UnicodeBig"/>
    <property name="java.class.version" value="65.0"/>
    <property name="LOGGED_APPLICATION_NAME" value="[audit-service] "/>
  </properties>
  <testcase name="contextLoads" classname="com.karamatics.audit.audit_service.AuditServiceApplicationTests" time="0.337">
    <system-out><![CDATA[17:04:34.961 [main] INFO org.springframework.test.context.support.AnnotationConfigContextLoaderUtils -- Could not detect default configuration classes for test class [com.karamatics.audit.audit_service.AuditServiceApplicationTests]: AuditServiceApplicationTests does not declare any static, non-private, non-final, nested classes annotated with @Configuration.
17:04:35.002 [main] INFO org.springframework.boot.test.context.SpringBootTestContextBootstrapper -- Found @SpringBootConfiguration com.karamatics.audit.audit_service.AuditServiceApplication for test class com.karamatics.audit.audit_service.AuditServiceApplicationTests

  .   ____          _            __ _ _
 /\\ / ___'_ __ _ _(_)_ __  __ _ \ \ \ \
( ( )\___ | '_ | '_| | '_ \/ _` | \ \ \ \
 \\/  ___)| |_)| | | | | || (_| |  ) ) ) )
  '  |____| .__|_| |_|_| |_\__, | / / / /
 =========|_|==============|___/=/_/_/_/

 :: Spring Boot ::                (v3.5.1)

2025-08-05T17:04:35.152+05:00  INFO 7276 --- [audit-service] [           main] c.k.a.a.AuditServiceApplicationTests     : Starting AuditServiceApplicationTests using Java 21.0.7 with PID 7276 (started by hammad.karamat in /Users/hammad.karamat/work/projects/kafka-playground/audit-service)
2025-08-05T17:04:35.152+05:00  INFO 7276 --- [audit-service] [           main] c.k.a.a.AuditServiceApplicationTests     : No active profile set, falling back to 1 default profile: "default"
2025-08-05T17:04:35.572+05:00  INFO 7276 --- [audit-service] [           main] c.k.a.a.AuditServiceApplicationTests     : Started AuditServiceApplicationTests in 0.516 seconds (process running for 0.858)
]]></system-out>
    <system-err><![CDATA[Mockito is currently self-attaching to enable the inline-mock-maker. This will no longer work in future releases of the JDK. Please add Mockito as an agent to your build as described in Mockito's documentation: https://javadoc.io/doc/org.mockito/mockito-core/latest/org.mockito/org/mockito/Mockito.html#0.3
WARNING: A Java agent has been loaded dynamically (/Users/hammad.karamat/.m2/repository/net/bytebuddy/byte-buddy-agent/1.17.6/byte-buddy-agent-1.17.6.jar)
WARNING: If a serviceability tool is in use, please run with -XX:+EnableDynamicAgentLoading to hide this warning
WARNING: If a serviceability tool is not in use, please run with -Djdk.instrument.traceUsage for more information
WARNING: Dynamic loading of agents will be disallowed by default in a future release
]]></system-err>
  </testcase>
</testsuite>