<?xml version="1.0" encoding="UTF-8"?>
<testsuite xmlns:xsi="http://www.w3.org/2001/XMLSchema-instance" xsi:noNamespaceSchemaLocation="https://maven.apache.org/surefire/maven-surefire-plugin/xsd/surefire-test-report-3.0.xsd" version="3.0" name="com.karamatics.gateway.GatewayApplicationTests" time="1.983" tests="1" errors="0" skipped="0" failures="0">
  <properties>
    <property name="java.specification.version" value="21"/>
    <property name="sun.jnu.encoding" value="UTF-8"/>
    <property name="java.class.path" value="/Users/hammad.karamat/work/projects/kafka-playground/api-gateway/target/test-classes:/Users/hammad.karamat/work/projects/kafka-playground/api-gateway/target/classes:/Users/hammad.karamat/.m2/repository/org/springframework/boot/spring-boot-starter-actuator/3.5.1/spring-boot-starter-actuator-3.5.1.jar:/Users/hammad.karamat/.m2/repository/org/springframework/boot/spring-boot-starter/3.5.1/spring-boot-starter-3.5.1.jar:/Users/hammad.karamat/.m2/repository/org/springframework/boot/spring-boot/3.5.1/spring-boot-3.5.1.jar:/Users/hammad.karamat/.m2/repository/org/springframework/boot/spring-boot-starter-logging/3.5.1/spring-boot-starter-logging-3.5.1.jar:/Users/hammad.karamat/.m2/repository/ch/qos/logback/logback-classic/1.5.18/logback-classic-1.5.18.jar:/Users/hammad.karamat/.m2/repository/ch/qos/logback/logback-core/1.5.18/logback-core-1.5.18.jar:/Users/hammad.karamat/.m2/repository/org/apache/logging/log4j/log4j-to-slf4j/2.24.3/log4j-to-slf4j-2.24.3.jar:/Users/hammad.karamat/.m2/repository/org/apache/logging/log4j/log4j-api/2.24.3/log4j-api-2.24.3.jar:/Users/hammad.karamat/.m2/repository/org/slf4j/jul-to-slf4j/2.0.17/jul-to-slf4j-2.0.17.jar:/Users/hammad.karamat/.m2/repository/jakarta/annotation/jakarta.annotation-api/2.1.1/jakarta.annotation-api-2.1.1.jar:/Users/hammad.karamat/.m2/repository/org/yaml/snakeyaml/2.4/snakeyaml-2.4.jar:/Users/hammad.karamat/.m2/repository/org/springframework/boot/spring-boot-actuator-autoconfigure/3.5.1/spring-boot-actuator-autoconfigure-3.5.1.jar:/Users/hammad.karamat/.m2/repository/com/fasterxml/jackson/core/jackson-databind/2.19.1/jackson-databind-2.19.1.jar:/Users/hammad.karamat/.m2/repository/com/fasterxml/jackson/core/jackson-annotations/2.19.1/jackson-annotations-2.19.1.jar:/Users/hammad.karamat/.m2/repository/com/fasterxml/jackson/core/jackson-core/2.19.1/jackson-core-2.19.1.jar:/Users/hammad.karamat/.m2/repository/com/fasterxml/jackson/datatype/jackson-datatype-jsr310/2.19.1/jackson-datatype-jsr310-2.19.1.jar:/Users/hammad.karamat/.m2/repository/io/micrometer/micrometer-observation/1.15.1/micrometer-observation-1.15.1.jar:/Users/hammad.karamat/.m2/repository/io/micrometer/micrometer-commons/1.15.1/micrometer-commons-1.15.1.jar:/Users/hammad.karamat/.m2/repository/io/micrometer/micrometer-jakarta9/1.15.1/micrometer-jakarta9-1.15.1.jar:/Users/hammad.karamat/.m2/repository/io/micrometer/micrometer-core/1.15.1/micrometer-core-1.15.1.jar:/Users/hammad.karamat/.m2/repository/org/hdrhistogram/HdrHistogram/2.2.2/HdrHistogram-2.2.2.jar:/Users/hammad.karamat/.m2/repository/org/latencyutils/LatencyUtils/2.0.3/LatencyUtils-2.0.3.jar:/Users/hammad.karamat/.m2/repository/org/springframework/boot/spring-boot-starter-data-redis-reactive/3.5.1/spring-boot-starter-data-redis-reactive-3.5.1.jar:/Users/hammad.karamat/.m2/repository/io/lettuce/lettuce-core/6.6.0.RELEASE/lettuce-core-6.6.0.RELEASE.jar:/Users/hammad.karamat/.m2/repository/redis/clients/authentication/redis-authx-core/0.1.1-beta2/redis-authx-core-0.1.1-beta2.jar:/Users/hammad.karamat/.m2/repository/io/netty/netty-common/4.1.122.Final/netty-common-4.1.122.Final.jar:/Users/hammad.karamat/.m2/repository/io/netty/netty-handler/4.1.122.Final/netty-handler-4.1.122.Final.jar:/Users/hammad.karamat/.m2/repository/io/netty/netty-resolver/4.1.122.Final/netty-resolver-4.1.122.Final.jar:/Users/hammad.karamat/.m2/repository/io/netty/netty-buffer/4.1.122.Final/netty-buffer-4.1.122.Final.jar:/Users/hammad.karamat/.m2/repository/io/netty/netty-transport-native-unix-common/4.1.122.Final/netty-transport-native-unix-common-4.1.122.Final.jar:/Users/hammad.karamat/.m2/repository/io/netty/netty-codec/4.1.122.Final/netty-codec-4.1.122.Final.jar:/Users/hammad.karamat/.m2/repository/io/netty/netty-transport/4.1.122.Final/netty-transport-4.1.122.Final.jar:/Users/hammad.karamat/.m2/repository/io/projectreactor/reactor-core/3.7.7/reactor-core-3.7.7.jar:/Users/hammad.karamat/.m2/repository/org/reactivestreams/reactive-streams/1.0.4/reactive-streams-1.0.4.jar:/Users/hammad.karamat/.m2/repository/org/springframework/data/spring-data-redis/3.5.1/spring-data-redis-3.5.1.jar:/Users/hammad.karamat/.m2/repository/org/springframework/data/spring-data-keyvalue/3.5.1/spring-data-keyvalue-3.5.1.jar:/Users/hammad.karamat/.m2/repository/org/springframework/data/spring-data-commons/3.5.1/spring-data-commons-3.5.1.jar:/Users/hammad.karamat/.m2/repository/org/springframework/spring-tx/6.2.8/spring-tx-6.2.8.jar:/Users/hammad.karamat/.m2/repository/org/springframework/spring-oxm/6.2.8/spring-oxm-6.2.8.jar:/Users/hammad.karamat/.m2/repository/org/springframework/spring-aop/6.2.8/spring-aop-6.2.8.jar:/Users/hammad.karamat/.m2/repository/org/springframework/spring-context-support/6.2.8/spring-context-support-6.2.8.jar:/Users/hammad.karamat/.m2/repository/org/slf4j/slf4j-api/2.0.17/slf4j-api-2.0.17.jar:/Users/hammad.karamat/.m2/repository/org/springframework/boot/spring-boot-starter-webflux/3.5.1/spring-boot-starter-webflux-3.5.1.jar:/Users/hammad.karamat/.m2/repository/org/springframework/boot/spring-boot-starter-json/3.5.1/spring-boot-starter-json-3.5.1.jar:/Users/hammad.karamat/.m2/repository/com/fasterxml/jackson/datatype/jackson-datatype-jdk8/2.19.1/jackson-datatype-jdk8-2.19.1.jar:/Users/hammad.karamat/.m2/repository/com/fasterxml/jackson/module/jackson-module-parameter-names/2.19.1/jackson-module-parameter-names-2.19.1.jar:/Users/hammad.karamat/.m2/repository/org/springframework/boot/spring-boot-starter-reactor-netty/3.5.1/spring-boot-starter-reactor-netty-3.5.1.jar:/Users/hammad.karamat/.m2/repository/io/projectreactor/netty/reactor-netty-http/1.2.7/reactor-netty-http-1.2.7.jar:/Users/hammad.karamat/.m2/repository/io/netty/netty-codec-http/4.1.122.Final/netty-codec-http-4.1.122.Final.jar:/Users/hammad.karamat/.m2/repository/io/netty/netty-codec-http2/4.1.122.Final/netty-codec-http2-4.1.122.Final.jar:/Users/hammad.karamat/.m2/repository/io/netty/netty-resolver-dns/4.1.122.Final/netty-resolver-dns-4.1.122.Final.jar:/Users/hammad.karamat/.m2/repository/io/netty/netty-codec-dns/4.1.122.Final/netty-codec-dns-4.1.122.Final.jar:/Users/hammad.karamat/.m2/repository/io/netty/netty-resolver-dns-native-macos/4.1.122.Final/netty-resolver-dns-native-macos-4.1.122.Final-osx-x86_64.jar:/Users/hammad.karamat/.m2/repository/io/netty/netty-resolver-dns-classes-macos/4.1.122.Final/netty-resolver-dns-classes-macos-4.1.122.Final.jar:/Users/hammad.karamat/.m2/repository/io/netty/netty-transport-native-epoll/4.1.122.Final/netty-transport-native-epoll-4.1.122.Final-linux-x86_64.jar:/Users/hammad.karamat/.m2/repository/io/netty/netty-transport-classes-epoll/4.1.122.Final/netty-transport-classes-epoll-4.1.122.Final.jar:/Users/hammad.karamat/.m2/repository/io/projectreactor/netty/reactor-netty-core/1.2.7/reactor-netty-core-1.2.7.jar:/Users/hammad.karamat/.m2/repository/io/netty/netty-handler-proxy/4.1.122.Final/netty-handler-proxy-4.1.122.Final.jar:/Users/hammad.karamat/.m2/repository/io/netty/netty-codec-socks/4.1.122.Final/netty-codec-socks-4.1.122.Final.jar:/Users/hammad.karamat/.m2/repository/org/springframework/spring-web/6.2.8/spring-web-6.2.8.jar:/Users/hammad.karamat/.m2/repository/org/springframework/spring-beans/6.2.8/spring-beans-6.2.8.jar:/Users/hammad.karamat/.m2/repository/org/springframework/spring-webflux/6.2.8/spring-webflux-6.2.8.jar:/Users/hammad.karamat/.m2/repository/org/springframework/cloud/spring-cloud-starter-circuitbreaker-reactor-resilience4j/3.3.0/spring-cloud-starter-circuitbreaker-reactor-resilience4j-3.3.0.jar:/Users/hammad.karamat/.m2/repository/org/springframework/cloud/spring-cloud-starter/4.3.0/spring-cloud-starter-4.3.0.jar:/Users/hammad.karamat/.m2/repository/org/springframework/cloud/spring-cloud-context/4.3.0/spring-cloud-context-4.3.0.jar:/Users/hammad.karamat/.m2/repository/org/springframework/security/spring-security-crypto/6.5.1/spring-security-crypto-6.5.1.jar:/Users/hammad.karamat/.m2/repository/org/springframework/cloud/spring-cloud-commons/4.3.0/spring-cloud-commons-4.3.0.jar:/Users/hammad.karamat/.m2/repository/org/bouncycastle/bcprov-jdk18on/1.80/bcprov-jdk18on-1.80.jar:/Users/hammad.karamat/.m2/repository/org/springframework/cloud/spring-cloud-circuitbreaker-resilience4j/3.3.0/spring-cloud-circuitbreaker-resilience4j-3.3.0.jar:/Users/hammad.karamat/.m2/repository/io/github/resilience4j/resilience4j-spring-boot3/2.2.0/resilience4j-spring-boot3-2.2.0.jar:/Users/hammad.karamat/.m2/repository/io/github/resilience4j/resilience4j-spring6/2.2.0/resilience4j-spring6-2.2.0.jar:/Users/hammad.karamat/.m2/repository/io/github/resilience4j/resilience4j-annotations/2.2.0/resilience4j-annotations-2.2.0.jar:/Users/hammad.karamat/.m2/repository/io/github/resilience4j/resilience4j-consumer/2.2.0/resilience4j-consumer-2.2.0.jar:/Users/hammad.karamat/.m2/repository/io/github/resilience4j/resilience4j-circularbuffer/2.2.0/resilience4j-circularbuffer-2.2.0.jar:/Users/hammad.karamat/.m2/repository/io/github/resilience4j/resilience4j-framework-common/2.2.0/resilience4j-framework-common-2.2.0.jar:/Users/hammad.karamat/.m2/repository/org/springframework/boot/spring-boot-configuration-processor/3.5.1/spring-boot-configuration-processor-3.5.1.jar:/Users/hammad.karamat/.m2/repository/io/github/resilience4j/resilience4j-circuitbreaker/2.2.0/resilience4j-circuitbreaker-2.2.0.jar:/Users/hammad.karamat/.m2/repository/io/github/resilience4j/resilience4j-core/2.2.0/resilience4j-core-2.2.0.jar:/Users/hammad.karamat/.m2/repository/io/github/resilience4j/resilience4j-timelimiter/2.2.0/resilience4j-timelimiter-2.2.0.jar:/Users/hammad.karamat/.m2/repository/io/github/resilience4j/resilience4j-reactor/2.2.0/resilience4j-reactor-2.2.0.jar:/Users/hammad.karamat/.m2/repository/io/github/resilience4j/resilience4j-ratelimiter/2.2.0/resilience4j-ratelimiter-2.2.0.jar:/Users/hammad.karamat/.m2/repository/io/github/resilience4j/resilience4j-bulkhead/2.2.0/resilience4j-bulkhead-2.2.0.jar:/Users/hammad.karamat/.m2/repository/io/github/resilience4j/resilience4j-retry/2.2.0/resilience4j-retry-2.2.0.jar:/Users/hammad.karamat/.m2/repository/io/github/resilience4j/resilience4j-micrometer/2.2.0/resilience4j-micrometer-2.2.0.jar:/Users/hammad.karamat/.m2/repository/org/springframework/modulith/spring-modulith-starter-core/1.4.1/spring-modulith-starter-core-1.4.1.jar:/Users/hammad.karamat/.m2/repository/org/springframework/modulith/spring-modulith-api/1.4.1/spring-modulith-api-1.4.1.jar:/Users/hammad.karamat/.m2/repository/org/springframework/modulith/spring-modulith-apt/1.4.1/spring-modulith-apt-1.4.1.jar:/Users/hammad.karamat/.m2/repository/org/springframework/modulith/spring-modulith-core/1.4.1/spring-modulith-core-1.4.1.jar:/Users/hammad.karamat/.m2/repository/com/tngtech/archunit/archunit/1.4.1/archunit-1.4.1.jar:/Users/hammad.karamat/.m2/repository/org/springframework/spring-context/6.2.8/spring-context-6.2.8.jar:/Users/hammad.karamat/.m2/repository/org/springframework/spring-expression/6.2.8/spring-expression-6.2.8.jar:/Users/hammad.karamat/.m2/repository/org/springframework/modulith/spring-modulith-moments/1.4.1/spring-modulith-moments-1.4.1.jar:/Users/hammad.karamat/.m2/repository/org/jmolecules/jmolecules-events/1.10.0/jmolecules-events-1.10.0.jar:/Users/hammad.karamat/.m2/repository/org/springframework/modulith/spring-modulith-actuator/1.4.1/spring-modulith-actuator-1.4.1.jar:/Users/hammad.karamat/.m2/repository/org/springframework/modulith/spring-modulith-runtime/1.4.1/spring-modulith-runtime-1.4.1.jar:/Users/hammad.karamat/.m2/repository/org/springframework/boot/spring-boot-actuator/3.5.1/spring-boot-actuator-3.5.1.jar:/Users/hammad.karamat/.m2/repository/org/springframework/boot/spring-boot-autoconfigure/3.5.1/spring-boot-autoconfigure-3.5.1.jar:/Users/hammad.karamat/.m2/repository/org/springframework/modulith/spring-modulith-observability/1.4.1/spring-modulith-observability-1.4.1.jar:/Users/hammad.karamat/.m2/repository/io/micrometer/micrometer-tracing/1.5.1/micrometer-tracing-1.5.1.jar:/Users/hammad.karamat/.m2/repository/io/micrometer/context-propagation/1.1.3/context-propagation-1.1.3.jar:/Users/hammad.karamat/.m2/repository/aopalliance/aopalliance/1.0/aopalliance-1.0.jar:/Users/hammad.karamat/.m2/repository/org/springframework/boot/spring-boot-starter-test/3.5.1/spring-boot-starter-test-3.5.1.jar:/Users/hammad.karamat/.m2/repository/org/springframework/boot/spring-boot-test/3.5.1/spring-boot-test-3.5.1.jar:/Users/hammad.karamat/.m2/repository/org/springframework/boot/spring-boot-test-autoconfigure/3.5.1/spring-boot-test-autoconfigure-3.5.1.jar:/Users/hammad.karamat/.m2/repository/com/jayway/jsonpath/json-path/2.9.0/json-path-2.9.0.jar:/Users/hammad.karamat/.m2/repository/jakarta/xml/bind/jakarta.xml.bind-api/4.0.2/jakarta.xml.bind-api-4.0.2.jar:/Users/hammad.karamat/.m2/repository/jakarta/activation/jakarta.activation-api/2.1.3/jakarta.activation-api-2.1.3.jar:/Users/hammad.karamat/.m2/repository/net/minidev/json-smart/2.5.2/json-smart-2.5.2.jar:/Users/hammad.karamat/.m2/repository/net/minidev/accessors-smart/2.5.2/accessors-smart-2.5.2.jar:/Users/hammad.karamat/.m2/repository/org/ow2/asm/asm/9.7.1/asm-9.7.1.jar:/Users/hammad.karamat/.m2/repository/org/assertj/assertj-core/3.27.3/assertj-core-3.27.3.jar:/Users/hammad.karamat/.m2/repository/net/bytebuddy/byte-buddy/1.17.6/byte-buddy-1.17.6.jar:/Users/hammad.karamat/.m2/repository/org/awaitility/awaitility/4.2.2/awaitility-4.2.2.jar:/Users/hammad.karamat/.m2/repository/org/hamcrest/hamcrest/3.0/hamcrest-3.0.jar:/Users/hammad.karamat/.m2/repository/org/junit/jupiter/junit-jupiter/5.12.2/junit-jupiter-5.12.2.jar:/Users/hammad.karamat/.m2/repository/org/junit/jupiter/junit-jupiter-api/5.12.2/junit-jupiter-api-5.12.2.jar:/Users/hammad.karamat/.m2/repository/org/opentest4j/opentest4j/1.3.0/opentest4j-1.3.0.jar:/Users/hammad.karamat/.m2/repository/org/junit/platform/junit-platform-commons/1.12.2/junit-platform-commons-1.12.2.jar:/Users/hammad.karamat/.m2/repository/org/apiguardian/apiguardian-api/1.1.2/apiguardian-api-1.1.2.jar:/Users/hammad.karamat/.m2/repository/org/junit/jupiter/junit-jupiter-params/5.12.2/junit-jupiter-params-5.12.2.jar:/Users/hammad.karamat/.m2/repository/org/junit/jupiter/junit-jupiter-engine/5.12.2/junit-jupiter-engine-5.12.2.jar:/Users/hammad.karamat/.m2/repository/org/junit/platform/junit-platform-engine/1.12.2/junit-platform-engine-1.12.2.jar:/Users/hammad.karamat/.m2/repository/org/mockito/mockito-core/5.17.0/mockito-core-5.17.0.jar:/Users/hammad.karamat/.m2/repository/net/bytebuddy/byte-buddy-agent/1.17.6/byte-buddy-agent-1.17.6.jar:/Users/hammad.karamat/.m2/repository/org/objenesis/objenesis/3.3/objenesis-3.3.jar:/Users/hammad.karamat/.m2/repository/org/mockito/mockito-junit-jupiter/5.17.0/mockito-junit-jupiter-5.17.0.jar:/Users/hammad.karamat/.m2/repository/org/skyscreamer/jsonassert/1.5.3/jsonassert-1.5.3.jar:/Users/hammad.karamat/.m2/repository/com/vaadin/external/google/android-json/0.0.20131108.vaadin1/android-json-0.0.20131108.vaadin1.jar:/Users/hammad.karamat/.m2/repository/org/springframework/spring-core/6.2.8/spring-core-6.2.8.jar:/Users/hammad.karamat/.m2/repository/org/springframework/spring-jcl/6.2.8/spring-jcl-6.2.8.jar:/Users/hammad.karamat/.m2/repository/org/springframework/spring-test/6.2.8/spring-test-6.2.8.jar:/Users/hammad.karamat/.m2/repository/org/xmlunit/xmlunit-core/2.10.2/xmlunit-core-2.10.2.jar:/Users/hammad.karamat/.m2/repository/io/projectreactor/reactor-test/3.7.7/reactor-test-3.7.7.jar:/Users/hammad.karamat/.m2/repository/org/springframework/modulith/spring-modulith-starter-test/1.4.1/spring-modulith-starter-test-1.4.1.jar:/Users/hammad.karamat/.m2/repository/org/springframework/modulith/spring-modulith-test/1.4.1/spring-modulith-test-1.4.1.jar:/Users/hammad.karamat/.m2/repository/org/springframework/modulith/spring-modulith-docs/1.4.1/spring-modulith-docs-1.4.1.jar:/Users/hammad.karamat/.m2/repository/com/structurizr/structurizr-core/3.1.0/structurizr-core-3.1.0.jar:/Users/hammad.karamat/.m2/repository/com/google/code/findbugs/jsr305/3.0.2/jsr305-3.0.2.jar:/Users/hammad.karamat/.m2/repository/com/structurizr/structurizr-export/3.1.0/structurizr-export-3.1.0.jar:"/>
    <property name="java.vm.vendor" value="Oracle Corporation"/>
    <property name="sun.arch.data.model" value="64"/>
    <property name="java.vendor.url" value="https://java.oracle.com/"/>
    <property name="user.timezone" value="Asia/Karachi"/>
    <property name="os.name" value="Mac OS X"/>
    <property name="java.vm.specification.version" value="21"/>
    <property name="APPLICATION_NAME" value="gateway"/>
    <property name="sun.java.launcher" value="SUN_STANDARD"/>
    <property name="user.country" value="US"/>
    <property name="sun.boot.library.path" value="/Users/hammad.karamat/work/JDK/jdk-21.jdk/Contents/Home/lib"/>
    <property name="sun.java.command" value="/Users/hammad.karamat/work/projects/kafka-playground/api-gateway/target/surefire/surefirebooter-20250805170347536_3.jar /Users/hammad.karamat/work/projects/kafka-playground/api-gateway/target/surefire 2025-08-05T17-03-47_504-jvmRun1 surefire-20250805170347536_1tmp surefire_0-20250805170347536_2tmp"/>
    <property name="jdk.debug" value="release"/>
    <property name="surefire.test.class.path" value="/Users/hammad.karamat/work/projects/kafka-playground/api-gateway/target/test-classes:/Users/hammad.karamat/work/projects/kafka-playground/api-gateway/target/classes:/Users/hammad.karamat/.m2/repository/org/springframework/boot/spring-boot-starter-actuator/3.5.1/spring-boot-starter-actuator-3.5.1.jar:/Users/hammad.karamat/.m2/repository/org/springframework/boot/spring-boot-starter/3.5.1/spring-boot-starter-3.5.1.jar:/Users/hammad.karamat/.m2/repository/org/springframework/boot/spring-boot/3.5.1/spring-boot-3.5.1.jar:/Users/hammad.karamat/.m2/repository/org/springframework/boot/spring-boot-starter-logging/3.5.1/spring-boot-starter-logging-3.5.1.jar:/Users/hammad.karamat/.m2/repository/ch/qos/logback/logback-classic/1.5.18/logback-classic-1.5.18.jar:/Users/hammad.karamat/.m2/repository/ch/qos/logback/logback-core/1.5.18/logback-core-1.5.18.jar:/Users/hammad.karamat/.m2/repository/org/apache/logging/log4j/log4j-to-slf4j/2.24.3/log4j-to-slf4j-2.24.3.jar:/Users/hammad.karamat/.m2/repository/org/apache/logging/log4j/log4j-api/2.24.3/log4j-api-2.24.3.jar:/Users/hammad.karamat/.m2/repository/org/slf4j/jul-to-slf4j/2.0.17/jul-to-slf4j-2.0.17.jar:/Users/hammad.karamat/.m2/repository/jakarta/annotation/jakarta.annotation-api/2.1.1/jakarta.annotation-api-2.1.1.jar:/Users/hammad.karamat/.m2/repository/org/yaml/snakeyaml/2.4/snakeyaml-2.4.jar:/Users/hammad.karamat/.m2/repository/org/springframework/boot/spring-boot-actuator-autoconfigure/3.5.1/spring-boot-actuator-autoconfigure-3.5.1.jar:/Users/hammad.karamat/.m2/repository/com/fasterxml/jackson/core/jackson-databind/2.19.1/jackson-databind-2.19.1.jar:/Users/hammad.karamat/.m2/repository/com/fasterxml/jackson/core/jackson-annotations/2.19.1/jackson-annotations-2.19.1.jar:/Users/hammad.karamat/.m2/repository/com/fasterxml/jackson/core/jackson-core/2.19.1/jackson-core-2.19.1.jar:/Users/hammad.karamat/.m2/repository/com/fasterxml/jackson/datatype/jackson-datatype-jsr310/2.19.1/jackson-datatype-jsr310-2.19.1.jar:/Users/hammad.karamat/.m2/repository/io/micrometer/micrometer-observation/1.15.1/micrometer-observation-1.15.1.jar:/Users/hammad.karamat/.m2/repository/io/micrometer/micrometer-commons/1.15.1/micrometer-commons-1.15.1.jar:/Users/hammad.karamat/.m2/repository/io/micrometer/micrometer-jakarta9/1.15.1/micrometer-jakarta9-1.15.1.jar:/Users/hammad.karamat/.m2/repository/io/micrometer/micrometer-core/1.15.1/micrometer-core-1.15.1.jar:/Users/hammad.karamat/.m2/repository/org/hdrhistogram/HdrHistogram/2.2.2/HdrHistogram-2.2.2.jar:/Users/hammad.karamat/.m2/repository/org/latencyutils/LatencyUtils/2.0.3/LatencyUtils-2.0.3.jar:/Users/hammad.karamat/.m2/repository/org/springframework/boot/spring-boot-starter-data-redis-reactive/3.5.1/spring-boot-starter-data-redis-reactive-3.5.1.jar:/Users/hammad.karamat/.m2/repository/io/lettuce/lettuce-core/6.6.0.RELEASE/lettuce-core-6.6.0.RELEASE.jar:/Users/hammad.karamat/.m2/repository/redis/clients/authentication/redis-authx-core/0.1.1-beta2/redis-authx-core-0.1.1-beta2.jar:/Users/hammad.karamat/.m2/repository/io/netty/netty-common/4.1.122.Final/netty-common-4.1.122.Final.jar:/Users/hammad.karamat/.m2/repository/io/netty/netty-handler/4.1.122.Final/netty-handler-4.1.122.Final.jar:/Users/hammad.karamat/.m2/repository/io/netty/netty-resolver/4.1.122.Final/netty-resolver-4.1.122.Final.jar:/Users/hammad.karamat/.m2/repository/io/netty/netty-buffer/4.1.122.Final/netty-buffer-4.1.122.Final.jar:/Users/hammad.karamat/.m2/repository/io/netty/netty-transport-native-unix-common/4.1.122.Final/netty-transport-native-unix-common-4.1.122.Final.jar:/Users/hammad.karamat/.m2/repository/io/netty/netty-codec/4.1.122.Final/netty-codec-4.1.122.Final.jar:/Users/hammad.karamat/.m2/repository/io/netty/netty-transport/4.1.122.Final/netty-transport-4.1.122.Final.jar:/Users/hammad.karamat/.m2/repository/io/projectreactor/reactor-core/3.7.7/reactor-core-3.7.7.jar:/Users/hammad.karamat/.m2/repository/org/reactivestreams/reactive-streams/1.0.4/reactive-streams-1.0.4.jar:/Users/hammad.karamat/.m2/repository/org/springframework/data/spring-data-redis/3.5.1/spring-data-redis-3.5.1.jar:/Users/hammad.karamat/.m2/repository/org/springframework/data/spring-data-keyvalue/3.5.1/spring-data-keyvalue-3.5.1.jar:/Users/hammad.karamat/.m2/repository/org/springframework/data/spring-data-commons/3.5.1/spring-data-commons-3.5.1.jar:/Users/hammad.karamat/.m2/repository/org/springframework/spring-tx/6.2.8/spring-tx-6.2.8.jar:/Users/hammad.karamat/.m2/repository/org/springframework/spring-oxm/6.2.8/spring-oxm-6.2.8.jar:/Users/hammad.karamat/.m2/repository/org/springframework/spring-aop/6.2.8/spring-aop-6.2.8.jar:/Users/hammad.karamat/.m2/repository/org/springframework/spring-context-support/6.2.8/spring-context-support-6.2.8.jar:/Users/hammad.karamat/.m2/repository/org/slf4j/slf4j-api/2.0.17/slf4j-api-2.0.17.jar:/Users/hammad.karamat/.m2/repository/org/springframework/boot/spring-boot-starter-webflux/3.5.1/spring-boot-starter-webflux-3.5.1.jar:/Users/hammad.karamat/.m2/repository/org/springframework/boot/spring-boot-starter-json/3.5.1/spring-boot-starter-json-3.5.1.jar:/Users/hammad.karamat/.m2/repository/com/fasterxml/jackson/datatype/jackson-datatype-jdk8/2.19.1/jackson-datatype-jdk8-2.19.1.jar:/Users/hammad.karamat/.m2/repository/com/fasterxml/jackson/module/jackson-module-parameter-names/2.19.1/jackson-module-parameter-names-2.19.1.jar:/Users/hammad.karamat/.m2/repository/org/springframework/boot/spring-boot-starter-reactor-netty/3.5.1/spring-boot-starter-reactor-netty-3.5.1.jar:/Users/hammad.karamat/.m2/repository/io/projectreactor/netty/reactor-netty-http/1.2.7/reactor-netty-http-1.2.7.jar:/Users/hammad.karamat/.m2/repository/io/netty/netty-codec-http/4.1.122.Final/netty-codec-http-4.1.122.Final.jar:/Users/hammad.karamat/.m2/repository/io/netty/netty-codec-http2/4.1.122.Final/netty-codec-http2-4.1.122.Final.jar:/Users/hammad.karamat/.m2/repository/io/netty/netty-resolver-dns/4.1.122.Final/netty-resolver-dns-4.1.122.Final.jar:/Users/hammad.karamat/.m2/repository/io/netty/netty-codec-dns/4.1.122.Final/netty-codec-dns-4.1.122.Final.jar:/Users/hammad.karamat/.m2/repository/io/netty/netty-resolver-dns-native-macos/4.1.122.Final/netty-resolver-dns-native-macos-4.1.122.Final-osx-x86_64.jar:/Users/hammad.karamat/.m2/repository/io/netty/netty-resolver-dns-classes-macos/4.1.122.Final/netty-resolver-dns-classes-macos-4.1.122.Final.jar:/Users/hammad.karamat/.m2/repository/io/netty/netty-transport-native-epoll/4.1.122.Final/netty-transport-native-epoll-4.1.122.Final-linux-x86_64.jar:/Users/hammad.karamat/.m2/repository/io/netty/netty-transport-classes-epoll/4.1.122.Final/netty-transport-classes-epoll-4.1.122.Final.jar:/Users/hammad.karamat/.m2/repository/io/projectreactor/netty/reactor-netty-core/1.2.7/reactor-netty-core-1.2.7.jar:/Users/hammad.karamat/.m2/repository/io/netty/netty-handler-proxy/4.1.122.Final/netty-handler-proxy-4.1.122.Final.jar:/Users/hammad.karamat/.m2/repository/io/netty/netty-codec-socks/4.1.122.Final/netty-codec-socks-4.1.122.Final.jar:/Users/hammad.karamat/.m2/repository/org/springframework/spring-web/6.2.8/spring-web-6.2.8.jar:/Users/hammad.karamat/.m2/repository/org/springframework/spring-beans/6.2.8/spring-beans-6.2.8.jar:/Users/hammad.karamat/.m2/repository/org/springframework/spring-webflux/6.2.8/spring-webflux-6.2.8.jar:/Users/hammad.karamat/.m2/repository/org/springframework/cloud/spring-cloud-starter-circuitbreaker-reactor-resilience4j/3.3.0/spring-cloud-starter-circuitbreaker-reactor-resilience4j-3.3.0.jar:/Users/hammad.karamat/.m2/repository/org/springframework/cloud/spring-cloud-starter/4.3.0/spring-cloud-starter-4.3.0.jar:/Users/hammad.karamat/.m2/repository/org/springframework/cloud/spring-cloud-context/4.3.0/spring-cloud-context-4.3.0.jar:/Users/hammad.karamat/.m2/repository/org/springframework/security/spring-security-crypto/6.5.1/spring-security-crypto-6.5.1.jar:/Users/hammad.karamat/.m2/repository/org/springframework/cloud/spring-cloud-commons/4.3.0/spring-cloud-commons-4.3.0.jar:/Users/hammad.karamat/.m2/repository/org/bouncycastle/bcprov-jdk18on/1.80/bcprov-jdk18on-1.80.jar:/Users/hammad.karamat/.m2/repository/org/springframework/cloud/spring-cloud-circuitbreaker-resilience4j/3.3.0/spring-cloud-circuitbreaker-resilience4j-3.3.0.jar:/Users/hammad.karamat/.m2/repository/io/github/resilience4j/resilience4j-spring-boot3/2.2.0/resilience4j-spring-boot3-2.2.0.jar:/Users/hammad.karamat/.m2/repository/io/github/resilience4j/resilience4j-spring6/2.2.0/resilience4j-spring6-2.2.0.jar:/Users/hammad.karamat/.m2/repository/io/github/resilience4j/resilience4j-annotations/2.2.0/resilience4j-annotations-2.2.0.jar:/Users/hammad.karamat/.m2/repository/io/github/resilience4j/resilience4j-consumer/2.2.0/resilience4j-consumer-2.2.0.jar:/Users/hammad.karamat/.m2/repository/io/github/resilience4j/resilience4j-circularbuffer/2.2.0/resilience4j-circularbuffer-2.2.0.jar:/Users/hammad.karamat/.m2/repository/io/github/resilience4j/resilience4j-framework-common/2.2.0/resilience4j-framework-common-2.2.0.jar:/Users/hammad.karamat/.m2/repository/org/springframework/boot/spring-boot-configuration-processor/3.5.1/spring-boot-configuration-processor-3.5.1.jar:/Users/hammad.karamat/.m2/repository/io/github/resilience4j/resilience4j-circuitbreaker/2.2.0/resilience4j-circuitbreaker-2.2.0.jar:/Users/hammad.karamat/.m2/repository/io/github/resilience4j/resilience4j-core/2.2.0/resilience4j-core-2.2.0.jar:/Users/hammad.karamat/.m2/repository/io/github/resilience4j/resilience4j-timelimiter/2.2.0/resilience4j-timelimiter-2.2.0.jar:/Users/hammad.karamat/.m2/repository/io/github/resilience4j/resilience4j-reactor/2.2.0/resilience4j-reactor-2.2.0.jar:/Users/hammad.karamat/.m2/repository/io/github/resilience4j/resilience4j-ratelimiter/2.2.0/resilience4j-ratelimiter-2.2.0.jar:/Users/hammad.karamat/.m2/repository/io/github/resilience4j/resilience4j-bulkhead/2.2.0/resilience4j-bulkhead-2.2.0.jar:/Users/hammad.karamat/.m2/repository/io/github/resilience4j/resilience4j-retry/2.2.0/resilience4j-retry-2.2.0.jar:/Users/hammad.karamat/.m2/repository/io/github/resilience4j/resilience4j-micrometer/2.2.0/resilience4j-micrometer-2.2.0.jar:/Users/hammad.karamat/.m2/repository/org/springframework/modulith/spring-modulith-starter-core/1.4.1/spring-modulith-starter-core-1.4.1.jar:/Users/hammad.karamat/.m2/repository/org/springframework/modulith/spring-modulith-api/1.4.1/spring-modulith-api-1.4.1.jar:/Users/hammad.karamat/.m2/repository/org/springframework/modulith/spring-modulith-apt/1.4.1/spring-modulith-apt-1.4.1.jar:/Users/hammad.karamat/.m2/repository/org/springframework/modulith/spring-modulith-core/1.4.1/spring-modulith-core-1.4.1.jar:/Users/hammad.karamat/.m2/repository/com/tngtech/archunit/archunit/1.4.1/archunit-1.4.1.jar:/Users/hammad.karamat/.m2/repository/org/springframework/spring-context/6.2.8/spring-context-6.2.8.jar:/Users/hammad.karamat/.m2/repository/org/springframework/spring-expression/6.2.8/spring-expression-6.2.8.jar:/Users/hammad.karamat/.m2/repository/org/springframework/modulith/spring-modulith-moments/1.4.1/spring-modulith-moments-1.4.1.jar:/Users/hammad.karamat/.m2/repository/org/jmolecules/jmolecules-events/1.10.0/jmolecules-events-1.10.0.jar:/Users/hammad.karamat/.m2/repository/org/springframework/modulith/spring-modulith-actuator/1.4.1/spring-modulith-actuator-1.4.1.jar:/Users/hammad.karamat/.m2/repository/org/springframework/modulith/spring-modulith-runtime/1.4.1/spring-modulith-runtime-1.4.1.jar:/Users/hammad.karamat/.m2/repository/org/springframework/boot/spring-boot-actuator/3.5.1/spring-boot-actuator-3.5.1.jar:/Users/hammad.karamat/.m2/repository/org/springframework/boot/spring-boot-autoconfigure/3.5.1/spring-boot-autoconfigure-3.5.1.jar:/Users/hammad.karamat/.m2/repository/org/springframework/modulith/spring-modulith-observability/1.4.1/spring-modulith-observability-1.4.1.jar:/Users/hammad.karamat/.m2/repository/io/micrometer/micrometer-tracing/1.5.1/micrometer-tracing-1.5.1.jar:/Users/hammad.karamat/.m2/repository/io/micrometer/context-propagation/1.1.3/context-propagation-1.1.3.jar:/Users/hammad.karamat/.m2/repository/aopalliance/aopalliance/1.0/aopalliance-1.0.jar:/Users/hammad.karamat/.m2/repository/org/springframework/boot/spring-boot-starter-test/3.5.1/spring-boot-starter-test-3.5.1.jar:/Users/hammad.karamat/.m2/repository/org/springframework/boot/spring-boot-test/3.5.1/spring-boot-test-3.5.1.jar:/Users/hammad.karamat/.m2/repository/org/springframework/boot/spring-boot-test-autoconfigure/3.5.1/spring-boot-test-autoconfigure-3.5.1.jar:/Users/hammad.karamat/.m2/repository/com/jayway/jsonpath/json-path/2.9.0/json-path-2.9.0.jar:/Users/hammad.karamat/.m2/repository/jakarta/xml/bind/jakarta.xml.bind-api/4.0.2/jakarta.xml.bind-api-4.0.2.jar:/Users/hammad.karamat/.m2/repository/jakarta/activation/jakarta.activation-api/2.1.3/jakarta.activation-api-2.1.3.jar:/Users/hammad.karamat/.m2/repository/net/minidev/json-smart/2.5.2/json-smart-2.5.2.jar:/Users/hammad.karamat/.m2/repository/net/minidev/accessors-smart/2.5.2/accessors-smart-2.5.2.jar:/Users/hammad.karamat/.m2/repository/org/ow2/asm/asm/9.7.1/asm-9.7.1.jar:/Users/hammad.karamat/.m2/repository/org/assertj/assertj-core/3.27.3/assertj-core-3.27.3.jar:/Users/hammad.karamat/.m2/repository/net/bytebuddy/byte-buddy/1.17.6/byte-buddy-1.17.6.jar:/Users/hammad.karamat/.m2/repository/org/awaitility/awaitility/4.2.2/awaitility-4.2.2.jar:/Users/hammad.karamat/.m2/repository/org/hamcrest/hamcrest/3.0/hamcrest-3.0.jar:/Users/hammad.karamat/.m2/repository/org/junit/jupiter/junit-jupiter/5.12.2/junit-jupiter-5.12.2.jar:/Users/hammad.karamat/.m2/repository/org/junit/jupiter/junit-jupiter-api/5.12.2/junit-jupiter-api-5.12.2.jar:/Users/hammad.karamat/.m2/repository/org/opentest4j/opentest4j/1.3.0/opentest4j-1.3.0.jar:/Users/hammad.karamat/.m2/repository/org/junit/platform/junit-platform-commons/1.12.2/junit-platform-commons-1.12.2.jar:/Users/hammad.karamat/.m2/repository/org/apiguardian/apiguardian-api/1.1.2/apiguardian-api-1.1.2.jar:/Users/hammad.karamat/.m2/repository/org/junit/jupiter/junit-jupiter-params/5.12.2/junit-jupiter-params-5.12.2.jar:/Users/hammad.karamat/.m2/repository/org/junit/jupiter/junit-jupiter-engine/5.12.2/junit-jupiter-engine-5.12.2.jar:/Users/hammad.karamat/.m2/repository/org/junit/platform/junit-platform-engine/1.12.2/junit-platform-engine-1.12.2.jar:/Users/hammad.karamat/.m2/repository/org/mockito/mockito-core/5.17.0/mockito-core-5.17.0.jar:/Users/hammad.karamat/.m2/repository/net/bytebuddy/byte-buddy-agent/1.17.6/byte-buddy-agent-1.17.6.jar:/Users/hammad.karamat/.m2/repository/org/objenesis/objenesis/3.3/objenesis-3.3.jar:/Users/hammad.karamat/.m2/repository/org/mockito/mockito-junit-jupiter/5.17.0/mockito-junit-jupiter-5.17.0.jar:/Users/hammad.karamat/.m2/repository/org/skyscreamer/jsonassert/1.5.3/jsonassert-1.5.3.jar:/Users/hammad.karamat/.m2/repository/com/vaadin/external/google/android-json/0.0.20131108.vaadin1/android-json-0.0.20131108.vaadin1.jar:/Users/hammad.karamat/.m2/repository/org/springframework/spring-core/6.2.8/spring-core-6.2.8.jar:/Users/hammad.karamat/.m2/repository/org/springframework/spring-jcl/6.2.8/spring-jcl-6.2.8.jar:/Users/hammad.karamat/.m2/repository/org/springframework/spring-test/6.2.8/spring-test-6.2.8.jar:/Users/hammad.karamat/.m2/repository/org/xmlunit/xmlunit-core/2.10.2/xmlunit-core-2.10.2.jar:/Users/hammad.karamat/.m2/repository/io/projectreactor/reactor-test/3.7.7/reactor-test-3.7.7.jar:/Users/hammad.karamat/.m2/repository/org/springframework/modulith/spring-modulith-starter-test/1.4.1/spring-modulith-starter-test-1.4.1.jar:/Users/hammad.karamat/.m2/repository/org/springframework/modulith/spring-modulith-test/1.4.1/spring-modulith-test-1.4.1.jar:/Users/hammad.karamat/.m2/repository/org/springframework/modulith/spring-modulith-docs/1.4.1/spring-modulith-docs-1.4.1.jar:/Users/hammad.karamat/.m2/repository/com/structurizr/structurizr-core/3.1.0/structurizr-core-3.1.0.jar:/Users/hammad.karamat/.m2/repository/com/google/code/findbugs/jsr305/3.0.2/jsr305-3.0.2.jar:/Users/hammad.karamat/.m2/repository/com/structurizr/structurizr-export/3.1.0/structurizr-export-3.1.0.jar:"/>
    <property name="sun.cpu.endian" value="little"/>
    <property name="user.home" value="/Users/hammad.karamat"/>
    <property name="user.language" value="en"/>
    <property name="java.specification.vendor" value="Oracle Corporation"/>
    <property name="java.version.date" value="2025-04-15"/>
    <property name="java.home" value="/Users/hammad.karamat/work/JDK/jdk-21.jdk/Contents/Home"/>
    <property name="file.separator" value="/"/>
    <property name="basedir" value="/Users/hammad.karamat/work/projects/kafka-playground/api-gateway"/>
    <property name="java.vm.compressedOopsMode" value="Zero based"/>
    <property name="line.separator" value="&#10;"/>
    <property name="java.vm.specification.vendor" value="Oracle Corporation"/>
    <property name="java.specification.name" value="Java Platform API Specification"/>
    <property name="FILE_LOG_CHARSET" value="UTF-8"/>
    <property name="java.awt.headless" value="true"/>
    <property name="apple.awt.application.name" value="ForkedBooter"/>
    <property name="surefire.real.class.path" value="/Users/hammad.karamat/work/projects/kafka-playground/api-gateway/target/surefire/surefirebooter-20250805170347536_3.jar"/>
    <property name="sun.management.compiler" value="HotSpot 64-Bit Tiered Compilers"/>
    <property name="java.runtime.version" value="21.0.7+8-LTS-245"/>
    <property name="LOG_CORRELATION_PATTERN" value="%correlationId"/>
    <property name="user.name" value="hammad.karamat"/>
    <property name="stdout.encoding" value="UTF-8"/>
    <property name="path.separator" value=":"/>
    <property name="os.version" value="15.5"/>
    <property name="java.runtime.name" value="Java(TM) SE Runtime Environment"/>
    <property name="file.encoding" value="UTF-8"/>
    <property name="java.vm.name" value="Java HotSpot(TM) 64-Bit Server VM"/>
    <property name="localRepository" value="/Users/hammad.karamat/.m2/repository"/>
    <property name="java.vendor.url.bug" value="https://bugreport.java.com/bugreport/"/>
    <property name="java.io.tmpdir" value="/var/folders/yg/52hkc8p155bdrlr4rk9r4qvm0000gp/T/"/>
    <property name="java.version" value="21.0.7"/>
    <property name="user.dir" value="/Users/hammad.karamat/work/projects/kafka-playground/api-gateway"/>
    <property name="os.arch" value="aarch64"/>
    <property name="java.vm.specification.name" value="Java Virtual Machine Specification"/>
    <property name="PID" value="7259"/>
    <property name="CONSOLE_LOG_CHARSET" value="UTF-8"/>
    <property name="native.encoding" value="UTF-8"/>
    <property name="java.library.path" value="/Users/hammad.karamat/Library/Java/Extensions:/Library/Java/Extensions:/Network/Library/Java/Extensions:/System/Library/Java/Extensions:/usr/lib/java:."/>
    <property name="java.vm.info" value="mixed mode, sharing"/>
    <property name="stderr.encoding" value="UTF-8"/>
    <property name="java.vendor" value="Oracle Corporation"/>
    <property name="java.vm.version" value="21.0.7+8-LTS-245"/>
    <property name="sun.io.unicode.encoding" value="UnicodeBig"/>
    <property name="java.class.version" value="65.0"/>
    <property name="LOGGED_APPLICATION_NAME" value="[gateway] "/>
  </properties>
  <testcase name="contextLoads" classname="com.karamatics.gateway.GatewayApplicationTests" time="0.331">
    <system-out><![CDATA[17:03:47.819 [main] INFO org.springframework.test.context.support.AnnotationConfigContextLoaderUtils -- Could not detect default configuration classes for test class [com.karamatics.gateway.GatewayApplicationTests]: GatewayApplicationTests does not declare any static, non-private, non-final, nested classes annotated with @Configuration.
17:03:47.856 [main] INFO org.springframework.boot.test.context.SpringBootTestContextBootstrapper -- Found @SpringBootConfiguration com.karamatics.gateway.GatewayApplication for test class com.karamatics.gateway.GatewayApplicationTests

  .   ____          _            __ _ _
 /\\ / ___'_ __ _ _(_)_ __  __ _ \ \ \ \
( ( )\___ | '_ | '_| | '_ \/ _` | \ \ \ \
 \\/  ___)| |_)| | | | | || (_| |  ) ) ) )
  '  |____| .__|_| |_|_| |_\__, | / / / /
 =========|_|==============|___/=/_/_/_/

 :: Spring Boot ::                (v3.5.1)

2025-08-05T17:03:48.086+05:00  INFO 7259 --- [gateway] [           main] [                                                 ] c.k.gateway.GatewayApplicationTests      : Starting GatewayApplicationTests using Java 21.0.7 with PID 7259 (started by hammad.karamat in /Users/hammad.karamat/work/projects/kafka-playground/api-gateway)
2025-08-05T17:03:48.087+05:00  INFO 7259 --- [gateway] [           main] [                                                 ] c.k.gateway.GatewayApplicationTests      : No active profile set, falling back to 1 default profile: "default"
2025-08-05T17:03:48.394+05:00  INFO 7259 --- [gateway] [           main] [                                                 ] .s.d.r.c.RepositoryConfigurationDelegate : Multiple Spring Data modules found, entering strict repository configuration mode
2025-08-05T17:03:48.395+05:00  INFO 7259 --- [gateway] [           main] [                                                 ] .s.d.r.c.RepositoryConfigurationDelegate : Bootstrapping Spring Data Redis repositories in DEFAULT mode.
2025-08-05T17:03:48.403+05:00  INFO 7259 --- [gateway] [           main] [                                                 ] .s.d.r.c.RepositoryConfigurationDelegate : Finished Spring Data repository scanning in 3 ms. Found 0 Redis repository interfaces.
2025-08-05T17:03:48.496+05:00  INFO 7259 --- [gateway] [           main] [                                                 ] o.s.cloud.context.scope.GenericScope     : BeanFactory id=f46339de-b27e-3683-9a94-1b9fe171dfa9
2025-08-05T17:03:48.704+05:00 ERROR 7259 --- [gateway] [           main] [                                                 ] i.n.r.d.DnsServerAddressStreamProviders  : Unable to load io.netty.resolver.dns.macos.MacOSDnsServerAddressStreamProvider, fallback to system defaults. This may result in incorrect DNS resolutions on MacOS. Check whether you have a dependency on 'io.netty:netty-resolver-dns-native-macos'. Use DEBUG level to see the full stack: java.lang.UnsatisfiedLinkError: failed to load the required native library
2025-08-05T17:03:48.815+05:00  INFO 7259 --- [gateway] [           main] [                                                 ] o.s.b.a.e.web.EndpointLinksResolver      : Exposing 1 endpoint beneath base path '/actuator'
2025-08-05T17:03:48.984+05:00  INFO 7259 --- [gateway] [cTaskExecutor-1] [                                                 ] com.tngtech.archunit.core.PluginLoader   : Detected Java version 21.0.7
2025-08-05T17:03:49.384+05:00  WARN 7259 --- [gateway] [cTaskExecutor-1] [                                                 ] onfiguration$ApplicationModulesBootstrap : No application modules detected!
2025-08-05T17:03:49.412+05:00  INFO 7259 --- [gateway] [           main] [                                                 ] o.s.s.config.TaskSchedulerRouter         : No TaskScheduler/ScheduledExecutorService bean found for scheduled processing
2025-08-05T17:03:49.414+05:00  INFO 7259 --- [gateway] [           main] [                                                 ] c.k.gateway.GatewayApplicationTests      : Started GatewayApplicationTests in 1.425 seconds (process running for 1.843)
]]></system-out>
    <system-err><![CDATA[Mockito is currently self-attaching to enable the inline-mock-maker. This will no longer work in future releases of the JDK. Please add Mockito as an agent to your build as described in Mockito's documentation: https://javadoc.io/doc/org.mockito/mockito-core/latest/org.mockito/org/mockito/Mockito.html#0.3
WARNING: A Java agent has been loaded dynamically (/Users/hammad.karamat/.m2/repository/net/bytebuddy/byte-buddy-agent/1.17.6/byte-buddy-agent-1.17.6.jar)
WARNING: If a serviceability tool is in use, please run with -XX:+EnableDynamicAgentLoading to hide this warning
WARNING: If a serviceability tool is not in use, please run with -Djdk.instrument.traceUsage for more information
WARNING: Dynamic loading of agents will be disallowed by default in a future release
]]></system-err>
  </testcase>
</testsuite>